<?xml version="1.0" encoding="UTF-8"?>
<!-- Generated by org.testng.reporters.JUnitReportReporter -->
<testsuite hostname="idc212" failures="0" tests="2" name="com.TestNG.ParallelTest" time="40.111" errors="0" timestamp="2024-12-10T15:20:26 IST" skipped="0">
  <testcase classname="com.TestNG.ParallelTest" name="testChrome" time="16.061"/>
  <testcase classname="com.TestNG.ParallelTest" name="testFirefox" time="24.050"/>
</testsuite> <!-- com.TestNG.ParallelTest -->
