<?xml version="1.0" encoding="UTF-8"?>
<!-- Generated by org.testng.reporters.JUnitReportReporter -->
<testsuite hostname="idc212" failures="0" tests="3" name="com.TestNG.FirefoxTest" time="10.630" errors="0" timestamp="2024-12-10T17:32:15 IST" skipped="0">
  <testcase classname="com.TestNG.FirefoxTest" name="testTitle" time="0.024"/>
  <testcase classname="com.TestNG.FirefoxTest" name="RegisterUser" time="10.539"/>
  <testcase classname="com.TestNG.FirefoxTest" name="VerifyText" time="0.067"/>
</testsuite> <!-- com.TestNG.FirefoxTest -->
