<?xml version="1.0" encoding="UTF-8"?>
<!-- Generated by org.testng.reporters.JUnitReportReporter -->
<testsuite hostname="idc212" failures="0" tests="10" name="com.TestNG.PriorityExample" time="0.052" errors="0" timestamp="2024-12-11T12:53:42 IST" skipped="0">
  <testcase classname="com.TestNG.PriorityExample" name="highPriorityTest2" time="0.010"/>
  <testcase classname="com.TestNG.PriorityExample" name="highPriorityTest1" time="0.002"/>
  <testcase classname="com.TestNG.PriorityExample" name="defaultPriorityTest" time="0.005"/>
  <testcase classname="com.TestNG.PriorityExample" name="testP" time="0.004"/>
  <testcase classname="com.TestNG.PriorityExample" name="highPriorityTest" time="0.005"/>
  <testcase classname="com.TestNG.PriorityExample" name="testA1" time="0.010"/>
  <testcase classname="com.TestNG.PriorityExample" name="testN" time="0.004"/>
  <testcase classname="com.TestNG.PriorityExample" name="testA2" time="0.005"/>
  <testcase classname="com.TestNG.PriorityExample" name="testK" time="0.004"/>
  <testcase classname="com.TestNG.PriorityExample" name="testJ" time="0.003"/>
</testsuite> <!-- com.TestNG.PriorityExample -->
