<?xml version="1.0" encoding="UTF-8"?>
<!-- Generated by org.testng.reporters.JUnitReportReporter -->
<testsuite hostname="idc212" failures="0" tests="1" name="com.TestNG.Edge" time="16.363" errors="0" timestamp="2024-12-10T17:29:54 IST" skipped="0">
  <testcase classname="com.TestNG.Edge" name="setUp" time="16.363"/>
</testsuite> <!-- com.TestNG.Edge -->
