<?xml version="1.0" encoding="UTF-8"?>
<!-- Generated by org.testng.reporters.JUnitReportReporter -->
<testsuite hostname="idc212" failures="0" tests="3" name="com.TestNG.EdgeTest" time="5.525" errors="0" timestamp="2024-12-10T17:30:55 IST" skipped="0">
  <testcase classname="com.TestNG.EdgeTest" name="testTitle" time="0.023"/>
  <testcase classname="com.TestNG.EdgeTest" name="RegisterUser" time="5.454"/>
  <testcase classname="com.TestNG.EdgeTest" name="VerifyText" time="0.048"/>
</testsuite> <!-- com.TestNG.EdgeTest -->
