<?xml version="1.0" encoding="UTF-8"?>
<!-- Generated by org.testng.reporters.JUnitReportReporter -->
<testsuite hostname="idc212" failures="0" tests="3" name="com.TestNG.ChromeTest" time="4.106" errors="0" timestamp="2024-12-12T15:22:06 IST" skipped="0">
  <testcase classname="com.TestNG.ChromeTest" name="testTitle" time="0.015"/>
  <testcase classname="com.TestNG.ChromeTest" name="RegisterUser" time="4.026"/>
  <testcase classname="com.TestNG.ChromeTest" name="VerifyText" time="0.065"/>
</testsuite> <!-- com.TestNG.ChromeTest -->
